#
# There is insufficient memory for the Java Runtime Environment to continue.
# Native memory allocation (malloc) failed to allocate 2051120 bytes for Chunk::new
# Possible reasons:
#   The system is out of physical RAM or swap space
#   The process is running with CompressedOops enabled, and the Java Heap may be blocking the growth of the native heap
# Possible solutions:
#   Reduce memory load on the system
#   Increase physical memory or swap space
#   Check if swap backing store is full
#   Decrease Java heap size (-Xmx/-Xms)
#   Decrease number of Java threads
#   Decrease Java thread stack sizes (-Xss)
#   Set larger code cache with -XX:ReservedCodeCacheSize=
#   JVM is running with Unscaled Compressed Oops mode in which the Java heap is
#     placed in the first 4GB address space. The Java Heap base address is the
#     maximum limit for the native heap growth. Please use -XX:HeapBaseMinAddress
#     to set the Java Heap base and to place the Java Heap above 4GB virtual address.
# This output file may be truncated or incomplete.
#
#  Out of Memory Error (arena.cpp:189), pid=2220, tid=32136
#
# JRE version: OpenJDK Runtime Environment Temurin-17.0.3+7 (17.0.3+7) (build 17.0.3+7)
# Java VM: OpenJDK 64-Bit Server VM Temurin-17.0.3+7 (17.0.3+7, mixed mode, tiered, compressed oops, compressed class ptrs, g1 gc, windows-amd64)
# No core dump will be written. Minidumps are not enabled by default on client versions of Windows
#

---------------  S U M M A R Y ------------

Command Line: -ea -Dfile.encoding=UTF-8 -XX:+ShowCodeDetailsInExceptionMessages org.testng.remote.RemoteTestNG -serport 58484 -protocol json -d C:\MY_WORK_SPACE\webdriverproject\test-output C:\Users\nimam\AppData\Local\Temp\testng-eclipse-1394029088\testng-customsuite.xml

Host: AMD Ryzen 5 3500U with Radeon Vega Mobile Gfx  , 8 cores, 3G,  Windows 10 , 64 bit Build 19041 (10.0.19041.1741)
Time: Wed Feb  1 01:05:05 2023 India Standard Time elapsed time: 13.997856 seconds (0d 0h 0m 13s)

---------------  T H R E A D  ---------------

Current thread (0x000001e6ffded250):  JavaThread "C2 CompilerThread0" daemon [_thread_in_native, id=32136, stack(0x000000d539000000,0x000000d539100000)]


Current CompileTask:
C2:  13997 2156       4       java.lang.invoke.MethodType::makeImpl (109 bytes)

Stack: [0x000000d539000000,0x000000d539100000]
Native frames: (J=compiled Java code, j=interpreted, Vv=VM code, C=native code)
V  [jvm.dll+0x675efa]
V  [jvm.dll+0x830a24]
V  [jvm.dll+0x8321ce]
V  [jvm.dll+0x832833]
V  [jvm.dll+0x2454b5]
V  [jvm.dll+0xabd7b]
V  [jvm.dll+0xac30c]
V  [jvm.dll+0x363627]
V  [jvm.dll+0x32dca1]
V  [jvm.dll+0x32d14a]
V  [jvm.dll+0x218361]
V  [jvm.dll+0x217781]
V  [jvm.dll+0x1a3ccd]
V  [jvm.dll+0x227178]
V  [jvm.dll+0x2252bc]
V  [jvm.dll+0x7e673b]
V  [jvm.dll+0x7e0cfa]
V  [jvm.dll+0x674d85]
C  [ucrtbase.dll+0x21bb2]
C  [KERNEL32.DLL+0x17034]
C  [ntdll.dll+0x52651]


---------------  P R O C E S S  ---------------

Threads class SMR info:
_java_thread_list=0x000001e698df25e0, length=25, elements={
0x000001e6fea72770, 0x000001e6ffd95ee0, 0x000001e6ffd96f90, 0x000001e6ffde4040,
0x000001e6ffde49f0, 0x000001e6ffe0e9c0, 0x000001e6ffdec960, 0x000001e6ffded250,
0x000001e6ffded900, 0x000001e6ffdeef10, 0x000001e696d45560, 0x000001e696d69010,
0x000001e6973b3730, 0x000001e698846860, 0x000001e698886a50, 0x000001e698ac5330,
0x000001e698ac5800, 0x000001e698ab3040, 0x000001e698ab3510, 0x000001e698987710,
0x000001e698985560, 0x000001e698988580, 0x000001e698985090, 0x000001e698987240,
0x000001e698985a30
}

Java Threads: ( => current thread )
  0x000001e6fea72770 JavaThread "main" [_thread_in_native, id=26888, stack(0x000000d538300000,0x000000d538400000)]
  0x000001e6ffd95ee0 JavaThread "Reference Handler" daemon [_thread_blocked, id=2336, stack(0x000000d538a00000,0x000000d538b00000)]
  0x000001e6ffd96f90 JavaThread "Finalizer" daemon [_thread_blocked, id=32628, stack(0x000000d538b00000,0x000000d538c00000)]
  0x000001e6ffde4040 JavaThread "Signal Dispatcher" daemon [_thread_blocked, id=34748, stack(0x000000d538c00000,0x000000d538d00000)]
  0x000001e6ffde49f0 JavaThread "Attach Listener" daemon [_thread_blocked, id=25976, stack(0x000000d538d00000,0x000000d538e00000)]
  0x000001e6ffe0e9c0 JavaThread "Service Thread" daemon [_thread_blocked, id=34660, stack(0x000000d538e00000,0x000000d538f00000)]
  0x000001e6ffdec960 JavaThread "Monitor Deflation Thread" daemon [_thread_blocked, id=24080, stack(0x000000d538f00000,0x000000d539000000)]
=>0x000001e6ffded250 JavaThread "C2 CompilerThread0" daemon [_thread_in_native, id=32136, stack(0x000000d539000000,0x000000d539100000)]
  0x000001e6ffded900 JavaThread "C1 CompilerThread0" daemon [_thread_blocked, id=33092, stack(0x000000d539100000,0x000000d539200000)]
  0x000001e6ffdeef10 JavaThread "Sweeper thread" daemon [_thread_blocked, id=5536, stack(0x000000d539200000,0x000000d539300000)]
  0x000001e696d45560 JavaThread "Notification Thread" daemon [_thread_blocked, id=23268, stack(0x000000d539300000,0x000000d539400000)]
  0x000001e696d69010 JavaThread "Common-Cleaner" daemon [_thread_blocked, id=33620, stack(0x000000d539500000,0x000000d539600000)]
  0x000001e6973b3730 JavaThread "ReaderThread" [_thread_in_native, id=22696, stack(0x000000d539700000,0x000000d539800000)]
  0x000001e698846860 JavaThread "ForkJoinPool.commonPool-worker-1" daemon [_thread_blocked, id=30260, stack(0x000000d539e00000,0x000000d539f00000)]
  0x000001e698886a50 JavaThread "AsyncHttpClient-1-1" daemon [_thread_blocked, id=32500, stack(0x000000d539f00000,0x000000d53a000000)]
  0x000001e698ac5330 JavaThread "Exec Default Executor" daemon [_thread_in_native, id=33096, stack(0x000000d53a200000,0x000000d53a300000)]
  0x000001e698ac5800 JavaThread "Exec Stream Pumper" daemon [_thread_in_native, id=11712, stack(0x000000d53a300000,0x000000d53a400000)]
  0x000001e698ab3040 JavaThread "Exec Stream Pumper" daemon [_thread_in_native, id=19260, stack(0x000000d53a400000,0x000000d53a500000)]
  0x000001e698ab3510 JavaThread "Driver Service Executor" daemon [_thread_blocked, id=6832, stack(0x000000d53a500000,0x000000d53a600000)]
  0x000001e698987710 JavaThread "Driver Service Executor" daemon [_thread_blocked, id=18004, stack(0x000000d53a600000,0x000000d53a700000)]
  0x000001e698985560 JavaThread "AsyncHttpClient-1-2" daemon [_thread_in_native, id=22260, stack(0x000000d53a700000,0x000000d53a800000)]
  0x000001e698988580 JavaThread "AsyncHttpClient-1-3" daemon [_thread_in_native, id=15824, stack(0x000000d53a800000,0x000000d53a900000)]
  0x000001e698985090 JavaThread "Java2D Disposer" daemon [_thread_blocked, id=23748, stack(0x000000d53a900000,0x000000d53aa00000)]
  0x000001e698987240 JavaThread "AWT-Shutdown" [_thread_blocked, id=23008, stack(0x000000d53aa00000,0x000000d53ab00000)]
  0x000001e698985a30 JavaThread "AWT-Windows" daemon [_thread_in_native, id=16088, stack(0x000000d53ab00000,0x000000d53ac00000)]

Other Threads:
  0x000001e6ffdb14f0 VMThread "VM Thread" [stack: 0x000000d538900000,0x000000d538a00000] [id=32248]
  0x000001e696d45a30 WatcherThread [stack: 0x000000d539400000,0x000000d539500000] [id=23088]
  0x000001e6feaa9d10 GCTaskThread "GC Thread#0" [stack: 0x000000d538400000,0x000000d538500000] [id=30740]
  0x000001e698649f70 GCTaskThread "GC Thread#1" [stack: 0x000000d539800000,0x000000d539900000] [id=11020]
  0x000001e69864a220 GCTaskThread "GC Thread#2" [stack: 0x000000d539900000,0x000000d539a00000] [id=32332]
  0x000001e69864a4d0 GCTaskThread "GC Thread#3" [stack: 0x000000d539a00000,0x000000d539b00000] [id=32800]
  0x000001e69858dca0 GCTaskThread "GC Thread#4" [stack: 0x000000d539b00000,0x000000d539c00000] [id=9036]
  0x000001e69858df50 GCTaskThread "GC Thread#5" [stack: 0x000000d539c00000,0x000000d539d00000] [id=12156]
  0x000001e6977cf3f0 GCTaskThread "GC Thread#6" [stack: 0x000000d539d00000,0x000000d539e00000] [id=33764]
  0x000001e6989378a0 GCTaskThread "GC Thread#7" [stack: 0x000000d53a000000,0x000000d53a100000] [id=24168]
  0x000001e6feab3690 ConcurrentGCThread "G1 Main Marker" [stack: 0x000000d538500000,0x000000d538600000] [id=31296]
  0x000001e6feab40a0 ConcurrentGCThread "G1 Conc#0" [stack: 0x000000d538600000,0x000000d538700000] [id=32216]
  0x000001e69893cff0 ConcurrentGCThread "G1 Conc#1" [stack: 0x000000d53a100000,0x000000d53a200000] [id=21456]
  0x000001e6feb02e20 ConcurrentGCThread "G1 Refine#0" [stack: 0x000000d538700000,0x000000d538800000] [id=29580]
  0x000001e6feb03840 ConcurrentGCThread "G1 Service" [stack: 0x000000d538800000,0x000000d538900000] [id=18392]

Threads with active compile tasks:
C2 CompilerThread0    14101 2156       4       java.lang.invoke.MethodType::makeImpl (109 bytes)

VM state: not at safepoint (normal execution)

VM Mutex/Monitor currently owned by a thread: None

Heap address: 0x00000000c8c00000, size: 884 MB, Compressed Oops mode: 32-bit

CDS archive(s) not mapped
Compressed class space mapped at: 0x0000000100000000-0x0000000140000000, reserved size: 1073741824
Narrow klass base: 0x0000000000000000, Narrow klass shift: 3, Narrow klass range: 0x140000000

GC Precious Log:
 CPUs: 8 total, 8 available
 Memory: 3531M
 Large Page Support: Disabled
 NUMA Support: Disabled
 Compressed Oops: Enabled (32-bit)
 Heap Region Size: 1M
 Heap Min Capacity: 8M
 Heap Initial Capacity: 56M
 Heap Max Capacity: 884M
 Pre-touch: Disabled
 Parallel Workers: 8
 Concurrent Workers: 2
 Concurrent Refinement Workers: 8
 Periodic GC: Disabled

Heap:
 garbage-first heap   total 45056K, used 31075K [0x00000000c8c00000, 0x0000000100000000)
  region size 1024K, 15 young (15360K), 3 survivors (3072K)
 Metaspace       used 31590K, committed 31872K, reserved 1081344K
  class space    used 3598K, committed 3776K, reserved 1048576K

Heap Regions: E=young(eden), S=young(survivor), O=old, HS=humongous(starts), HC=humongous(continues), CS=collection set, F=free, OA=open archive, CA=closed archive, TAMS=top-at-mark-start (previous, next)
|   0|0x00000000c8c00000, 0x00000000c8d00000, 0x00000000c8d00000|100%|HS|  |TAMS 0x00000000c8d00000, 0x00000000c8c00000| Complete 
|   1|0x00000000c8d00000, 0x00000000c8e00000, 0x00000000c8e00000|100%|HS|  |TAMS 0x00000000c8e00000, 0x00000000c8d00000| Complete 
|   2|0x00000000c8e00000, 0x00000000c8f00000, 0x00000000c8f00000|100%|HC|  |TAMS 0x00000000c8f00000, 0x00000000c8e00000| Complete 
|   3|0x00000000c8f00000, 0x00000000c9000000, 0x00000000c9000000|100%| O|  |TAMS 0x00000000c9000000, 0x00000000c8f00000| Untracked 
|   4|0x00000000c9000000, 0x00000000c9100000, 0x00000000c9100000|100%| O|  |TAMS 0x00000000c9100000, 0x00000000c9000000| Untracked 
|   5|0x00000000c9100000, 0x00000000c9200000, 0x00000000c9200000|100%| O|  |TAMS 0x00000000c9200000, 0x00000000c9100000| Untracked 
|   6|0x00000000c9200000, 0x00000000c9300000, 0x00000000c9300000|100%| O|  |TAMS 0x00000000c92f8000, 0x00000000c9200000| Untracked 
|   7|0x00000000c9300000, 0x00000000c9400000, 0x00000000c9400000|100%| O|  |TAMS 0x00000000c9300000, 0x00000000c9300000| Untracked 
|   8|0x00000000c9400000, 0x00000000c9500000, 0x00000000c9500000|100%| O|  |TAMS 0x00000000c9400000, 0x00000000c9400000| Untracked 
|   9|0x00000000c9500000, 0x00000000c95ee200, 0x00000000c9600000| 93%| O|  |TAMS 0x00000000c9500000, 0x00000000c9500000| Untracked 
|  10|0x00000000c9600000, 0x00000000c9700000, 0x00000000c9700000|100%| O|  |TAMS 0x00000000c9600000, 0x00000000c9600000| Untracked 
|  11|0x00000000c9700000, 0x00000000c97e6800, 0x00000000c9800000| 90%| O|  |TAMS 0x00000000c9700000, 0x00000000c9700000| Untracked 
|  12|0x00000000c9800000, 0x00000000c9900000, 0x00000000c9900000|100%|HS|  |TAMS 0x00000000c9800000, 0x00000000c9800000| Complete 
|  13|0x00000000c9900000, 0x00000000c9a00000, 0x00000000c9a00000|100%|HC|  |TAMS 0x00000000c9900000, 0x00000000c9900000| Complete 
|  14|0x00000000c9a00000, 0x00000000c9b00000, 0x00000000c9b00000|100%|HC|  |TAMS 0x00000000c9a00000, 0x00000000c9a00000| Complete 
|  15|0x00000000c9b00000, 0x00000000c9c00000, 0x00000000c9c00000|100%|HC|  |TAMS 0x00000000c9b00000, 0x00000000c9b00000| Complete 
|  16|0x00000000c9c00000, 0x00000000c9d00000, 0x00000000c9d00000|100%|HC|  |TAMS 0x00000000c9c00000, 0x00000000c9c00000| Complete 
|  17|0x00000000c9d00000, 0x00000000c9d00000, 0x00000000c9e00000|  0%| F|  |TAMS 0x00000000c9d00000, 0x00000000c9d00000| Untracked 
|  18|0x00000000c9e00000, 0x00000000c9e00000, 0x00000000c9f00000|  0%| F|  |TAMS 0x00000000c9e00000, 0x00000000c9e00000| Untracked 
|  19|0x00000000c9f00000, 0x00000000c9f84330, 0x00000000ca000000| 51%| S|CS|TAMS 0x00000000c9f00000, 0x00000000c9f00000| Complete 
|  20|0x00000000ca000000, 0x00000000ca100000, 0x00000000ca100000|100%| S|CS|TAMS 0x00000000ca000000, 0x00000000ca000000| Complete 
|  21|0x00000000ca100000, 0x00000000ca200000, 0x00000000ca200000|100%| S|CS|TAMS 0x00000000ca100000, 0x00000000ca100000| Complete 
|  22|0x00000000ca200000, 0x00000000ca200000, 0x00000000ca300000|  0%| F|  |TAMS 0x00000000ca200000, 0x00000000ca200000| Untracked 
|  23|0x00000000ca300000, 0x00000000ca300000, 0x00000000ca400000|  0%| F|  |TAMS 0x00000000ca300000, 0x00000000ca300000| Untracked 
|  24|0x00000000ca400000, 0x00000000ca400000, 0x00000000ca500000|  0%| F|  |TAMS 0x00000000ca400000, 0x00000000ca400000| Untracked 
|  25|0x00000000ca500000, 0x00000000ca500000, 0x00000000ca600000|  0%| F|  |TAMS 0x00000000ca500000, 0x00000000ca500000| Untracked 
|  26|0x00000000ca600000, 0x00000000ca600000, 0x00000000ca700000|  0%| F|  |TAMS 0x00000000ca600000, 0x00000000ca600000| Untracked 
|  27|0x00000000ca700000, 0x00000000ca700000, 0x00000000ca800000|  0%| F|  |TAMS 0x00000000ca700000, 0x00000000ca700000| Untracked 
|  28|0x00000000ca800000, 0x00000000ca800000, 0x00000000ca900000|  0%| F|  |TAMS 0x00000000ca800000, 0x00000000ca800000| Untracked 
|  29|0x00000000ca900000, 0x00000000ca900000, 0x00000000caa00000|  0%| F|  |TAMS 0x00000000ca900000, 0x00000000ca900000| Untracked 
|  30|0x00000000caa00000, 0x00000000caa00000, 0x00000000cab00000|  0%| F|  |TAMS 0x00000000caa00000, 0x00000000caa00000| Untracked 
|  31|0x00000000cab00000, 0x00000000cab00000, 0x00000000cac00000|  0%| F|  |TAMS 0x00000000cab00000, 0x00000000cab00000| Untracked 
|  32|0x00000000cac00000, 0x00000000caca9448, 0x00000000cad00000| 66%| E|  |TAMS 0x00000000cac00000, 0x00000000cac00000| Complete 
|  33|0x00000000cad00000, 0x00000000cae00000, 0x00000000cae00000|100%| E|CS|TAMS 0x00000000cad00000, 0x00000000cad00000| Complete 
|  34|0x00000000cae00000, 0x00000000caf00000, 0x00000000caf00000|100%| E|CS|TAMS 0x00000000cae00000, 0x00000000cae00000| Complete 
|  35|0x00000000caf00000, 0x00000000cb000000, 0x00000000cb000000|100%| E|CS|TAMS 0x00000000caf00000, 0x00000000caf00000| Complete 
|  36|0x00000000cb000000, 0x00000000cb100000, 0x00000000cb100000|100%| E|CS|TAMS 0x00000000cb000000, 0x00000000cb000000| Complete 
|  37|0x00000000cb100000, 0x00000000cb200000, 0x00000000cb200000|100%| E|CS|TAMS 0x00000000cb100000, 0x00000000cb100000| Complete 
|  38|0x00000000cb200000, 0x00000000cb300000, 0x00000000cb300000|100%| E|CS|TAMS 0x00000000cb200000, 0x00000000cb200000| Complete 
|  39|0x00000000cb300000, 0x00000000cb400000, 0x00000000cb400000|100%| E|CS|TAMS 0x00000000cb300000, 0x00000000cb300000| Complete 
|  40|0x00000000cb400000, 0x00000000cb500000, 0x00000000cb500000|100%| E|CS|TAMS 0x00000000cb400000, 0x00000000cb400000| Complete 
|  41|0x00000000cb500000, 0x00000000cb600000, 0x00000000cb600000|100%| E|CS|TAMS 0x00000000cb500000, 0x00000000cb500000| Complete 
|  42|0x00000000cb600000, 0x00000000cb700000, 0x00000000cb700000|100%| E|CS|TAMS 0x00000000cb600000, 0x00000000cb600000| Complete 
|  55|0x00000000cc300000, 0x00000000cc400000, 0x00000000cc400000|100%| E|CS|TAMS 0x00000000cc300000, 0x00000000cc300000| Complete 

Card table byte_map: [0x000001e6ff040000,0x000001e6ff200000] _byte_map_base: 0x000001e6fe9fa000

Marking Bits (Prev, Next): (CMBitMap*) 0x000001e6feaab780, (CMBitMap*) 0x000001e6feaab740
 Prev Bits: [0x000001e6933b0000, 0x000001e694180000)
 Next Bits: [0x000001e6925e0000, 0x000001e6933b0000)

Polling page: 0x000001e6fe240000

Metaspace:

Usage:
  Non-class:     27.34 MB used.
      Class:      3.51 MB used.
       Both:     30.85 MB used.

Virtual space:
  Non-class space:       32.00 MB reserved,      27.44 MB ( 86%) committed,  4 nodes.
      Class space:        1.00 GB reserved,       3.69 MB ( <1%) committed,  1 nodes.
             Both:        1.03 GB reserved,      31.12 MB (  3%) committed. 

Chunk freelists:
   Non-Class:  449.00 KB
       Class:  61.00 KB
        Both:  510.00 KB

MaxMetaspaceSize: unlimited
CompressedClassSpaceSize: 1.00 GB
Initial GC threshold: 21.00 MB
Current GC threshold: 35.12 MB
CDS: off
MetaspaceReclaimPolicy: balanced
 - commit_granule_bytes: 65536.
 - commit_granule_words: 8192.
 - virtual_space_node_default_size: 1048576.
 - enlarge_chunks_in_place: 1.
 - new_chunks_are_fully_committed: 0.
 - uncommit_free_chunks: 1.
 - use_allocation_guard: 0.
 - handle_deallocations: 1.


Internal statistics:

num_allocs_failed_limit: 3.
num_arena_births: 248.
num_arena_deaths: 0.
num_vsnodes_births: 5.
num_vsnodes_deaths: 0.
num_space_committed: 498.
num_space_uncommitted: 0.
num_chunks_returned_to_freelist: 3.
num_chunks_taken_from_freelist: 886.
num_chunk_merges: 0.
num_chunk_splits: 565.
num_chunks_enlarged: 404.
num_purges: 0.
num_inconsistent_stats: 0.

CodeHeap 'non-profiled nmethods': size=120000Kb used=831Kb max_used=831Kb free=119168Kb
 bounds [0x000001e68b0b0000, 0x000001e68b320000, 0x000001e6925e0000]
CodeHeap 'profiled nmethods': size=120000Kb used=4208Kb max_used=4208Kb free=115791Kb
 bounds [0x000001e683b80000, 0x000001e683fa0000, 0x000001e68b0b0000]
CodeHeap 'non-nmethods': size=5760Kb used=1313Kb max_used=1313Kb free=4446Kb
 bounds [0x000001e6835e0000, 0x000001e683850000, 0x000001e683b80000]
 total_blobs=2849 nmethods=2215 adapters=546
 compilation: enabled
              stopped_count=0, restarted_count=0
 full_count=0

Compilation events (20 events):
Event: 13.898 Thread 0x000001e6ffded900 2216       3       java.awt.datatransfer.DataFlavor::hashCode (132 bytes)
Event: 13.901 Thread 0x000001e6ffded900 nmethod 2216 0x000001e683f95210 code [0x000001e683f955a0, 0x000001e683f96a98]
Event: 13.901 Thread 0x000001e6ffded900 2224       3       java.util.HashMap::getNode (150 bytes)
Event: 13.902 Thread 0x000001e6ffded900 nmethod 2224 0x000001e683f97290 code [0x000001e683f974c0, 0x000001e683f98058]
Event: 13.902 Thread 0x000001e6ffded900 2225       3       java.util.HashMap::putVal (300 bytes)
Event: 13.903 Thread 0x000001e6ffded900 nmethod 2225 0x000001e683f98310 code [0x000001e683f985c0, 0x000001e683f99798]
Event: 13.903 Thread 0x000001e6ffded900 2223       3       java.util.HashSet::add (20 bytes)
Event: 13.904 Thread 0x000001e6ffded900 nmethod 2223 0x000001e683f99c90 code [0x000001e683f99e40, 0x000001e683f9a068]
Event: 13.904 Thread 0x000001e6ffded900 2214       3       java.awt.datatransfer.DataFlavor::isRepresentationClassReader (10 bytes)
Event: 13.904 Thread 0x000001e6ffded900 nmethod 2214 0x000001e683f9a110 code [0x000001e683f9a2c0, 0x000001e683f9a408]
Event: 13.904 Thread 0x000001e6ffded900 2202       1       java.awt.datatransfer.DataFlavor::getRepresentationClass (5 bytes)
Event: 13.904 Thread 0x000001e6ffded900 nmethod 2202 0x000001e68b17f390 code [0x000001e68b17f520, 0x000001e68b17f5f8]
Event: 13.904 Thread 0x000001e6ffded900 2219       3       java.lang.invoke.Invokers$Holder::linkToTargetMethod (11 bytes)
Event: 13.904 Thread 0x000001e6ffded900 nmethod 2219 0x000001e683f9a490 code [0x000001e683f9a640, 0x000001e683f9aa58]
Event: 13.904 Thread 0x000001e6ffded900 2215       3       java.awt.datatransfer.DataFlavor::isStandardTextRepresentationClass (45 bytes)
Event: 13.905 Thread 0x000001e6ffded900 nmethod 2215 0x000001e683f9ab10 code [0x000001e683f9ad00, 0x000001e683f9b2d8]
Event: 13.905 Thread 0x000001e6ffded900 2217   !   3       sun.datatransfer.DataFlavorUtil::canonicalName (20 bytes)
Event: 13.905 Thread 0x000001e6ffded900 nmethod 2217 0x000001e683f9b490 code [0x000001e683f9b680, 0x000001e683f9ba78]
Event: 13.905 Thread 0x000001e6ffded900 2220       3       java.awt.datatransfer.DataFlavor::isRepresentationClassCharBuffer (10 bytes)
Event: 13.905 Thread 0x000001e6ffded900 nmethod 2220 0x000001e683f9bd10 code [0x000001e683f9bec0, 0x000001e683f9c008]

GC Heap History (6 events):
Event: 1.534 GC heap before
{Heap before GC invocations=0 (full 0):
 garbage-first heap   total 57344K, used 25600K [0x00000000c8c00000, 0x0000000100000000)
  region size 1024K, 23 young (23552K), 0 survivors (0K)
 Metaspace       used 14921K, committed 15168K, reserved 1064960K
  class space    used 1489K, committed 1600K, reserved 1048576K
}
Event: 1.548 GC heap after
{Heap after GC invocations=1 (full 0):
 garbage-first heap   total 57344K, used 10208K [0x00000000c8c00000, 0x0000000100000000)
  region size 1024K, 3 young (3072K), 3 survivors (3072K)
 Metaspace       used 14921K, committed 15168K, reserved 1064960K
  class space    used 1489K, committed 1600K, reserved 1048576K
}
Event: 3.031 GC heap before
{Heap before GC invocations=1 (full 0):
 garbage-first heap   total 57344K, used 26592K [0x00000000c8c00000, 0x0000000100000000)
  region size 1024K, 20 young (20480K), 3 survivors (3072K)
 Metaspace       used 21316K, committed 21504K, reserved 1073152K
  class space    used 2284K, committed 2368K, reserved 1048576K
}
Event: 3.038 GC heap after
{Heap after GC invocations=2 (full 0):
 garbage-first heap   total 57344K, used 12215K [0x00000000c8c00000, 0x0000000100000000)
  region size 1024K, 2 young (2048K), 2 survivors (2048K)
 Metaspace       used 21316K, committed 21504K, reserved 1073152K
  class space    used 2284K, committed 2368K, reserved 1048576K
}
Event: 3.672 GC heap before
{Heap before GC invocations=3 (full 0):
 garbage-first heap   total 45056K, used 32695K [0x00000000c8c00000, 0x0000000100000000)
  region size 1024K, 22 young (22528K), 2 survivors (2048K)
 Metaspace       used 26898K, committed 27136K, reserved 1073152K
  class space    used 3015K, committed 3136K, reserved 1048576K
}
Event: 3.678 GC heap after
{Heap after GC invocations=4 (full 0):
 garbage-first heap   total 45056K, used 14691K [0x00000000c8c00000, 0x0000000100000000)
  region size 1024K, 3 young (3072K), 3 survivors (3072K)
 Metaspace       used 26898K, committed 27136K, reserved 1073152K
  class space    used 3015K, committed 3136K, reserved 1048576K
}

Deoptimization events (20 events):
Event: 13.898 Thread 0x000001e6fea72770 Uncommon trap: trap_request=0xffffffde fr.pc=0x000001e68b13d494 relative=0x0000000000001854
Event: 13.898 Thread 0x000001e6fea72770 Uncommon trap: reason=class_check action=maybe_recompile pc=0x000001e68b13d494 method=java.util.HashMap.putVal(ILjava/lang/Object;Ljava/lang/Object;ZZ)Ljava/lang/Object; @ 91 c2
Event: 13.898 Thread 0x000001e6fea72770 DEOPT PACKING pc=0x000001e68b13d494 sp=0x000000d5383fd7b0
Event: 13.898 Thread 0x000001e6fea72770 DEOPT UNPACKING pc=0x000001e6836323a3 sp=0x000000d5383fd678 mode 2
Event: 13.898 Thread 0x000001e6fea72770 Uncommon trap: trap_request=0xffffff45 fr.pc=0x000001e68b0fb95c relative=0x000000000000029c
Event: 13.898 Thread 0x000001e6fea72770 Uncommon trap: reason=unstable_if action=reinterpret pc=0x000001e68b0fb95c method=java.util.HashMap.getNode(Ljava/lang/Object;)Ljava/util/HashMap$Node; @ 66 c2
Event: 13.898 Thread 0x000001e6fea72770 DEOPT PACKING pc=0x000001e68b0fb95c sp=0x000000d5383fd790
Event: 13.898 Thread 0x000001e6fea72770 DEOPT UNPACKING pc=0x000001e6836323a3 sp=0x000000d5383fd710 mode 2
Event: 13.898 Thread 0x000001e6fea72770 Uncommon trap: trap_request=0xffffffc6 fr.pc=0x000001e68b1795e0 relative=0x00000000000009c0
Event: 13.898 Thread 0x000001e6fea72770 Uncommon trap: reason=bimorphic_or_optimized_type_check action=maybe_recompile pc=0x000001e68b1795e0 method=java.util.HashMap.putVal(ILjava/lang/Object;Ljava/lang/Object;ZZ)Ljava/lang/Object; @ 91 c2
Event: 13.898 Thread 0x000001e6fea72770 DEOPT PACKING pc=0x000001e68b1795e0 sp=0x000000d5383fd750
Event: 13.898 Thread 0x000001e6fea72770 DEOPT UNPACKING pc=0x000001e6836323a3 sp=0x000000d5383fd6e0 mode 2
Event: 13.900 Thread 0x000001e6fea72770 Uncommon trap: trap_request=0xffffffc6 fr.pc=0x000001e68b1795e0 relative=0x00000000000009c0
Event: 13.900 Thread 0x000001e6fea72770 Uncommon trap: reason=bimorphic_or_optimized_type_check action=maybe_recompile pc=0x000001e68b1795e0 method=java.util.HashMap.putVal(ILjava/lang/Object;Ljava/lang/Object;ZZ)Ljava/lang/Object; @ 91 c2
Event: 13.900 Thread 0x000001e6fea72770 DEOPT PACKING pc=0x000001e68b1795e0 sp=0x000000d5383fd750
Event: 13.900 Thread 0x000001e6fea72770 DEOPT UNPACKING pc=0x000001e6836323a3 sp=0x000000d5383fd6e0 mode 2
Event: 13.900 Thread 0x000001e6fea72770 Uncommon trap: trap_request=0xffffffc6 fr.pc=0x000001e68b1795e0 relative=0x00000000000009c0
Event: 13.900 Thread 0x000001e6fea72770 Uncommon trap: reason=bimorphic_or_optimized_type_check action=maybe_recompile pc=0x000001e68b1795e0 method=java.util.HashMap.putVal(ILjava/lang/Object;Ljava/lang/Object;ZZ)Ljava/lang/Object; @ 91 c2
Event: 13.900 Thread 0x000001e6fea72770 DEOPT PACKING pc=0x000001e68b1795e0 sp=0x000000d5383fd750
Event: 13.900 Thread 0x000001e6fea72770 DEOPT UNPACKING pc=0x000001e6836323a3 sp=0x000000d5383fd6e0 mode 2

Classes unloaded (0 events):
No events

Classes redefined (0 events):
No events

Internal exceptions (20 events):
Event: 3.444 Thread 0x000001e698ab3510 Exception <a 'java/net/ConnectException'{0x00000000ca9d01b0}: Connection refused: no further information> (0x00000000ca9d01b0) 
thrown [e:\jenkins\tmp\workspace\build\src\src\hotspot\share\prims\jni.cpp, line 535]
Event: 3.444 Thread 0x000001e698ab3510 Exception <a 'java/net/SocketException'{0x00000000ca9d04e8}: Socket is not connected: shutdown> (0x00000000ca9d04e8) 
thrown [e:\jenkins\tmp\workspace\build\src\src\hotspot\share\prims\jni.cpp, line 535]
Event: 3.445 Thread 0x000001e698ab3510 Exception <a 'java/net/ConnectException'{0x00000000ca9d0d48}: Connection refused: no further information> (0x00000000ca9d0d48) 
thrown [e:\jenkins\tmp\workspace\build\src\src\hotspot\share\prims\jni.cpp, line 535]
Event: 3.445 Thread 0x000001e698ab3510 Exception <a 'java/net/SocketException'{0x00000000ca9d1080}: Socket is not connected: shutdown> (0x00000000ca9d1080) 
thrown [e:\jenkins\tmp\workspace\build\src\src\hotspot\share\prims\jni.cpp, line 535]
Event: 3.465 Thread 0x000001e698ab3510 Exception <a 'java/net/ConnectException'{0x00000000ca9d18e0}: Connection refused: no further information> (0x00000000ca9d18e0) 
thrown [e:\jenkins\tmp\workspace\build\src\src\hotspot\share\prims\jni.cpp, line 535]
Event: 3.465 Thread 0x000001e698ab3510 Exception <a 'java/net/SocketException'{0x00000000ca9d1c18}: Socket is not connected: shutdown> (0x00000000ca9d1c18) 
thrown [e:\jenkins\tmp\workspace\build\src\src\hotspot\share\prims\jni.cpp, line 535]
Event: 3.477 Thread 0x000001e6fea72770 Exception <a 'java/lang/NoSuchMethodError'{0x00000000ca853040}: 'double java.lang.invoke.DirectMethodHandle$Holder.invokeVirtual(java.lang.Object, java.lang.Object)'> (0x00000000ca853040) 
thrown [e:\jenkins\tmp\workspace\build\src\src\hotspot\share\interpreter\linkResolver.cpp, line 766]
Event: 3.478 Thread 0x000001e6fea72770 Exception <a 'java/lang/NoSuchMethodError'{0x00000000ca8597e8}: 'float java.lang.invoke.DirectMethodHandle$Holder.invokeVirtual(java.lang.Object, java.lang.Object)'> (0x00000000ca8597e8) 
thrown [e:\jenkins\tmp\workspace\build\src\src\hotspot\share\interpreter\linkResolver.cpp, line 766]
Event: 3.479 Thread 0x000001e6fea72770 Exception <a 'java/lang/NoSuchMethodError'{0x00000000ca8627c8}: 'long java.lang.invoke.DirectMethodHandle$Holder.invokeVirtual(java.lang.Object, java.lang.Object)'> (0x00000000ca8627c8) 
thrown [e:\jenkins\tmp\workspace\build\src\src\hotspot\share\interpreter\linkResolver.cpp, line 766]
Event: 3.485 Thread 0x000001e6fea72770 Exception <a 'java/lang/NoSuchMethodError'{0x00000000ca891458}: 'java.lang.Object java.lang.invoke.DirectMethodHandle$Holder.invokeVirtual(java.lang.Object, java.lang.Object, java.lang.Object)'> (0x00000000ca891458) 
thrown [e:\jenkins\tmp\workspace\build\src\src\hotspot\share\interpreter\linkResolver.cpp, line 766]
Event: 3.512 Thread 0x000001e6fea72770 Exception <a 'java/lang/NoSuchMethodError'{0x00000000ca7a5bf0}: 'void java.lang.invoke.DirectMethodHandle$Holder.invokeStatic(java.lang.Object, java.lang.Object, int)'> (0x00000000ca7a5bf0) 
thrown [e:\jenkins\tmp\workspace\build\src\src\hotspot\share\interpreter\linkResolver.cpp, line 766]
Event: 3.527 Thread 0x000001e6fea72770 Exception <a 'java/lang/NoSuchMethodError'{0x00000000ca63ae08}: 'java.lang.Object java.lang.invoke.DirectMethodHandle$Holder.newInvokeSpecial(java.lang.Object, java.lang.Object, java.lang.Object, java.lang.Object, java.lang.Object)'> (0x00000000ca63ae08) 
thrown [e:\jenkins\tmp\workspace\build\src\src\hotspot\share\interpreter\linkResolver.cpp, line 766]
Event: 3.572 Thread 0x000001e6fea72770 Exception <a 'java/lang/NoSuchMethodError'{0x00000000ca5b45f0}: 'int java.lang.invoke.DirectMethodHandle$Holder.invokeSpecialIFC(java.lang.Object, java.lang.Object, java.lang.Object)'> (0x00000000ca5b45f0) 
thrown [e:\jenkins\tmp\workspace\build\src\src\hotspot\share\interpreter\linkResolver.cpp, line 766]
Event: 3.587 Thread 0x000001e6fea72770 Exception <a 'java/lang/NoSuchMethodError'{0x00000000ca42b038}: 'void java.lang.invoke.DirectMethodHandle$Holder.invokeInterface(java.lang.Object, java.lang.Object, java.lang.Object)'> (0x00000000ca42b038) 
thrown [e:\jenkins\tmp\workspace\build\src\src\hotspot\share\interpreter\linkResolver.cpp, line 766]
Event: 3.662 Thread 0x000001e6fea72770 Exception <a 'java/lang/NoSuchMethodError'{0x00000000ca2aa618}: 'void java.lang.invoke.DirectMethodHandle$Holder.invokeSpecial(java.lang.Object, java.lang.Object, java.lang.Object, java.lang.Object, java.lang.Object, java.lang.Object)'> (0x00000000ca2aa618) 
thrown [e:\jenkins\tmp\workspace\build\src\src\hotspot\share\interpreter\linkResolver.cpp, line 766]
Event: 10.058 Thread 0x000001e6fea72770 Exception <a 'java/lang/NoSuchMethodError'{0x00000000cb174ea0}: 'java.lang.Object java.lang.invoke.DirectMethodHandle$Holder.invokeSpecialIFC(java.lang.Object, java.lang.Object, java.lang.Object)'> (0x00000000cb174ea0) 
thrown [e:\jenkins\tmp\workspace\build\src\src\hotspot\share\interpreter\linkResolver.cpp, line 766]
Event: 10.264 Thread 0x000001e6fea72770 Exception <a 'java/lang/NoSuchMethodError'{0x00000000cafeb7d8}: 'void java.lang.invoke.DirectMethodHandle$Holder.invokeInterface(java.lang.Object, java.lang.Object)'> (0x00000000cafeb7d8) 
thrown [e:\jenkins\tmp\workspace\build\src\src\hotspot\share\interpreter\linkResolver.cpp, line 766]
Event: 13.562 Thread 0x000001e6fea72770 Exception <a 'java/lang/ClassNotFoundException'{0x00000000cad7bdd0}: sun/awt/resources/spi/awtProvider> (0x00000000cad7bdd0) 
thrown [e:\jenkins\tmp\workspace\build\src\src\hotspot\share\classfile\systemDictionary.cpp, line 256]
Event: 13.731 Thread 0x000001e6fea72770 Exception <a 'java/io/FileNotFoundException'{0x00000000cad7ed80}> (0x00000000cad7ed80) 
thrown [e:\jenkins\tmp\workspace\build\src\src\hotspot\share\prims\jni.cpp, line 516]
Event: 13.732 Thread 0x000001e6fea72770 Exception <a 'java/io/FileNotFoundException'{0x00000000cad805c8}> (0x00000000cad805c8) 
thrown [e:\jenkins\tmp\workspace\build\src\src\hotspot\share\prims\jni.cpp, line 516]

VM Operations (20 events):
Event: 3.031 Executing VM operation: CollectForMetadataAllocation
Event: 3.039 Executing VM operation: CollectForMetadataAllocation done
Event: 3.043 Executing VM operation: G1Concurrent
Event: 3.044 Executing VM operation: G1Concurrent done
Event: 3.044 Executing VM operation: G1Concurrent
Event: 3.046 Executing VM operation: G1Concurrent done
Event: 3.586 Executing VM operation: HandshakeAllThreads
Event: 3.586 Executing VM operation: HandshakeAllThreads done
Event: 3.672 Executing VM operation: G1CollectForAllocation
Event: 3.678 Executing VM operation: G1CollectForAllocation done
Event: 4.689 Executing VM operation: Cleanup
Event: 4.689 Executing VM operation: Cleanup done
Event: 5.696 Executing VM operation: Cleanup
Event: 5.696 Executing VM operation: Cleanup done
Event: 8.717 Executing VM operation: Cleanup
Event: 8.717 Executing VM operation: Cleanup done
Event: 10.745 Executing VM operation: Cleanup
Event: 10.745 Executing VM operation: Cleanup done
Event: 12.758 Executing VM operation: Cleanup
Event: 12.758 Executing VM operation: Cleanup done

Events (20 events):
Event: 13.913 loading class sun/awt/Win32GraphicsEnvironment
Event: 13.913 loading class sun/java2d/SunGraphicsEnvironment
Event: 13.914 loading class sun/java2d/SunGraphicsEnvironment done
Event: 13.914 loading class sun/awt/Win32GraphicsEnvironment done
Event: 13.914 loading class sun/java2d/windows/WindowsFlags
Event: 13.914 loading class sun/java2d/windows/WindowsFlags done
Event: 13.914 loading class sun/java2d/windows/WindowsFlags$1
Event: 13.915 loading class sun/java2d/windows/WindowsFlags$1 done
Event: 13.920 loading class sun/java2d/WindowsSurfaceManagerFactory
Event: 13.920 loading class sun/java2d/SurfaceManagerFactory
Event: 13.920 loading class sun/java2d/SurfaceManagerFactory done
Event: 13.920 loading class sun/java2d/WindowsSurfaceManagerFactory done
Event: 13.920 loading class sun/awt/SunDisplayChanger
Event: 13.920 loading class sun/awt/SunDisplayChanger done
Event: 13.921 loading class java/awt/GraphicsDevice
Event: 13.921 loading class java/awt/GraphicsDevice done
Event: 13.921 loading class sun/java2d/d3d/D3DGraphicsDevice
Event: 13.922 loading class sun/awt/Win32GraphicsDevice
Event: 13.923 loading class sun/awt/Win32GraphicsDevice done
Event: 13.923 loading class sun/java2d/d3d/D3DGraphicsDevice done


Dynamic libraries:
0x00007ff74ec50000 - 0x00007ff74ec5e000 	C:\Users\nimam\Downloads\eclipse-java-2022-06-R-win32-x86_64\eclipse\plugins\org.eclipse.justj.openjdk.hotspot.jre.full.win32.x86_64_17.0.3.v20220515-1416\jre\bin\javaw.exe
0x00007ffc7bed0000 - 0x00007ffc7c0c7000 	C:\WINDOWS\SYSTEM32\ntdll.dll
0x00007ffc7a060000 - 0x00007ffc7a11d000 	C:\WINDOWS\System32\KERNEL32.DLL
0x00007ffc795f0000 - 0x00007ffc798bd000 	C:\WINDOWS\System32\KERNELBASE.dll
0x00007ffc798c0000 - 0x00007ffc799c0000 	C:\WINDOWS\System32\ucrtbase.dll
0x00007ffc5e610000 - 0x00007ffc5e629000 	C:\Users\nimam\Downloads\eclipse-java-2022-06-R-win32-x86_64\eclipse\plugins\org.eclipse.justj.openjdk.hotspot.jre.full.win32.x86_64_17.0.3.v20220515-1416\jre\bin\VCRUNTIME140.dll
0x00007ffc71fd0000 - 0x00007ffc71fe8000 	C:\Users\nimam\Downloads\eclipse-java-2022-06-R-win32-x86_64\eclipse\plugins\org.eclipse.justj.openjdk.hotspot.jre.full.win32.x86_64_17.0.3.v20220515-1416\jre\bin\jli.dll
0x00007ffc7b250000 - 0x00007ffc7b3f0000 	C:\WINDOWS\System32\USER32.dll
0x00007ffc79a10000 - 0x00007ffc79a32000 	C:\WINDOWS\System32\win32u.dll
0x00007ffc6c110000 - 0x00007ffc6c3aa000 	C:\WINDOWS\WinSxS\amd64_microsoft.windows.common-controls_6595b64144ccf1df_6.0.19041.1110_none_60b5254171f9507e\COMCTL32.dll
0x00007ffc7ac10000 - 0x00007ffc7ac3a000 	C:\WINDOWS\System32\GDI32.dll
0x00007ffc7a120000 - 0x00007ffc7a1be000 	C:\WINDOWS\System32\msvcrt.dll
0x00007ffc79c40000 - 0x00007ffc79d4b000 	C:\WINDOWS\System32\gdi32full.dll
0x00007ffc79de0000 - 0x00007ffc79e7d000 	C:\WINDOWS\System32\msvcp_win.dll
0x00007ffc7b4b0000 - 0x00007ffc7b4e0000 	C:\WINDOWS\System32\IMM32.DLL
0x00007ffc73eb0000 - 0x00007ffc73ebc000 	C:\Users\nimam\Downloads\eclipse-java-2022-06-R-win32-x86_64\eclipse\plugins\org.eclipse.justj.openjdk.hotspot.jre.full.win32.x86_64_17.0.3.v20220515-1416\jre\bin\vcruntime140_1.dll
0x00007ffc41560000 - 0x00007ffc415f1000 	C:\Users\nimam\Downloads\eclipse-java-2022-06-R-win32-x86_64\eclipse\plugins\org.eclipse.justj.openjdk.hotspot.jre.full.win32.x86_64_17.0.3.v20220515-1416\jre\bin\msvcp140.dll
0x00007ffc2f2e0000 - 0x00007ffc2ff28000 	C:\Users\nimam\Downloads\eclipse-java-2022-06-R-win32-x86_64\eclipse\plugins\org.eclipse.justj.openjdk.hotspot.jre.full.win32.x86_64_17.0.3.v20220515-1416\jre\bin\server\jvm.dll
0x00007ffc7bca0000 - 0x00007ffc7bd4e000 	C:\WINDOWS\System32\ADVAPI32.dll
0x00007ffc7ac40000 - 0x00007ffc7acdc000 	C:\WINDOWS\System32\sechost.dll
0x00007ffc7af40000 - 0x00007ffc7b065000 	C:\WINDOWS\System32\RPCRT4.dll
0x00007ffc7b090000 - 0x00007ffc7b098000 	C:\WINDOWS\System32\PSAPI.DLL
0x00007ffc70200000 - 0x00007ffc7020a000 	C:\WINDOWS\SYSTEM32\VERSION.dll
0x00007ffc73c20000 - 0x00007ffc73c29000 	C:\WINDOWS\SYSTEM32\WSOCK32.dll
0x00007ffc701d0000 - 0x00007ffc701f7000 	C:\WINDOWS\SYSTEM32\WINMM.dll
0x00007ffc7b4e0000 - 0x00007ffc7b54b000 	C:\WINDOWS\System32\WS2_32.dll
0x00007ffc77e40000 - 0x00007ffc77e52000 	C:\WINDOWS\SYSTEM32\kernel.appcore.dll
0x00007ffc72b60000 - 0x00007ffc72b6a000 	C:\Users\nimam\Downloads\eclipse-java-2022-06-R-win32-x86_64\eclipse\plugins\org.eclipse.justj.openjdk.hotspot.jre.full.win32.x86_64_17.0.3.v20220515-1416\jre\bin\jimage.dll
0x00007ffc77a20000 - 0x00007ffc77c04000 	C:\WINDOWS\SYSTEM32\DBGHELP.DLL
0x00007ffc653f0000 - 0x00007ffc6541c000 	C:\WINDOWS\SYSTEM32\dbgcore.DLL
0x00007ffc79d50000 - 0x00007ffc79dd2000 	C:\WINDOWS\System32\bcryptPrimitives.dll
0x00007ffc72660000 - 0x00007ffc72685000 	C:\Users\nimam\Downloads\eclipse-java-2022-06-R-win32-x86_64\eclipse\plugins\org.eclipse.justj.openjdk.hotspot.jre.full.win32.x86_64_17.0.3.v20220515-1416\jre\bin\java.dll
0x00007ffc72a60000 - 0x00007ffc72a78000 	C:\Users\nimam\Downloads\eclipse-java-2022-06-R-win32-x86_64\eclipse\plugins\org.eclipse.justj.openjdk.hotspot.jre.full.win32.x86_64_17.0.3.v20220515-1416\jre\bin\zip.dll
0x00007ffc7b550000 - 0x00007ffc7bc94000 	C:\WINDOWS\System32\SHELL32.dll
0x00007ffc771c0000 - 0x00007ffc77954000 	C:\WINDOWS\SYSTEM32\windows.storage.dll
0x00007ffc7a8b0000 - 0x00007ffc7ac04000 	C:\WINDOWS\System32\combase.dll
0x00007ffc78f80000 - 0x00007ffc78fac000 	C:\WINDOWS\SYSTEM32\Wldp.dll
0x00007ffc7ae90000 - 0x00007ffc7af3d000 	C:\WINDOWS\System32\SHCORE.dll
0x00007ffc7be30000 - 0x00007ffc7be85000 	C:\WINDOWS\System32\shlwapi.dll
0x00007ffc79530000 - 0x00007ffc7954f000 	C:\WINDOWS\SYSTEM32\profapi.dll
0x00007ffc727f0000 - 0x00007ffc72809000 	C:\Users\nimam\Downloads\eclipse-java-2022-06-R-win32-x86_64\eclipse\plugins\org.eclipse.justj.openjdk.hotspot.jre.full.win32.x86_64_17.0.3.v20220515-1416\jre\bin\net.dll
0x00007ffc6d3e0000 - 0x00007ffc6d4ea000 	C:\WINDOWS\SYSTEM32\WINHTTP.dll
0x00007ffc78c90000 - 0x00007ffc78cfa000 	C:\WINDOWS\system32\mswsock.dll
0x00007ffc72640000 - 0x00007ffc72655000 	C:\Users\nimam\Downloads\eclipse-java-2022-06-R-win32-x86_64\eclipse\plugins\org.eclipse.justj.openjdk.hotspot.jre.full.win32.x86_64_17.0.3.v20220515-1416\jre\bin\nio.dll
0x00007ffc789e0000 - 0x00007ffc78aab000 	C:\WINDOWS\SYSTEM32\DNSAPI.dll
0x00007ffc789a0000 - 0x00007ffc789db000 	C:\WINDOWS\SYSTEM32\IPHLPAPI.DLL
0x00007ffc7a890000 - 0x00007ffc7a898000 	C:\WINDOWS\System32\NSI.dll
0x00007ffc6c0e0000 - 0x00007ffc6c0ea000 	C:\Windows\System32\rasadhlp.dll
0x00007ffc6de40000 - 0x00007ffc6dec0000 	C:\WINDOWS\System32\fwpuclnt.dll
0x00007ffc79c10000 - 0x00007ffc79c37000 	C:\WINDOWS\System32\bcrypt.dll
0x00007ffc78e70000 - 0x00007ffc78e88000 	C:\WINDOWS\SYSTEM32\CRYPTSP.dll
0x00007ffc78620000 - 0x00007ffc78654000 	C:\WINDOWS\system32\rsaenh.dll
0x00007ffc794f0000 - 0x00007ffc7951e000 	C:\WINDOWS\SYSTEM32\USERENV.dll
0x00007ffc78e90000 - 0x00007ffc78e9c000 	C:\WINDOWS\SYSTEM32\CRYPTBASE.dll
0x00007ffc71410000 - 0x00007ffc71427000 	C:\WINDOWS\SYSTEM32\dhcpcsvc6.DLL
0x00007ffc72b30000 - 0x00007ffc72b4d000 	C:\WINDOWS\SYSTEM32\dhcpcsvc.DLL
0x00007ffc76920000 - 0x00007ffc769b0000 	C:\WINDOWS\system32\apphelp.dll
0x00007ffc55300000 - 0x00007ffc55309000 	C:\Users\nimam\Downloads\eclipse-java-2022-06-R-win32-x86_64\eclipse\plugins\org.eclipse.justj.openjdk.hotspot.jre.full.win32.x86_64_17.0.3.v20220515-1416\jre\bin\management.dll
0x00007ffc54120000 - 0x00007ffc5412b000 	C:\Users\nimam\Downloads\eclipse-java-2022-06-R-win32-x86_64\eclipse\plugins\org.eclipse.justj.openjdk.hotspot.jre.full.win32.x86_64_17.0.3.v20220515-1416\jre\bin\management_ext.dll
0x00007ffc72b00000 - 0x00007ffc72b0e000 	C:\Users\nimam\Downloads\eclipse-java-2022-06-R-win32-x86_64\eclipse\plugins\org.eclipse.justj.openjdk.hotspot.jre.full.win32.x86_64_17.0.3.v20220515-1416\jre\bin\sunmscapi.dll
0x00007ffc79a40000 - 0x00007ffc79b96000 	C:\WINDOWS\System32\CRYPT32.dll
0x00007ffc78ff0000 - 0x00007ffc79017000 	C:\WINDOWS\SYSTEM32\ncrypt.dll
0x00007ffc78fb0000 - 0x00007ffc78feb000 	C:\WINDOWS\SYSTEM32\NTASN1.dll
0x00007ffc53ec0000 - 0x00007ffc53ec7000 	C:\WINDOWS\system32\wshunix.dll
0x00007ffc72b50000 - 0x00007ffc72b60000 	C:\Users\nimam\Downloads\eclipse-java-2022-06-R-win32-x86_64\eclipse\plugins\org.eclipse.justj.openjdk.hotspot.jre.full.win32.x86_64_17.0.3.v20220515-1416\jre\bin\verify.dll
0x00007ffc3fc20000 - 0x00007ffc3fdae000 	C:\Users\nimam\Downloads\eclipse-java-2022-06-R-win32-x86_64\eclipse\plugins\org.eclipse.justj.openjdk.hotspot.jre.full.win32.x86_64_17.0.3.v20220515-1416\jre\bin\awt.dll
0x00007ffc7a630000 - 0x00007ffc7a6fd000 	C:\WINDOWS\System32\OLEAUT32.dll
0x00007ffc76b00000 - 0x00007ffc76b9e000 	C:\WINDOWS\system32\uxtheme.dll
0x00007ffc7ad70000 - 0x00007ffc7ae85000 	C:\WINDOWS\System32\MSCTF.dll
0x00007ffc79f30000 - 0x00007ffc7a05a000 	C:\WINDOWS\System32\ole32.dll
0x00007ffc76ed0000 - 0x00007ffc76eff000 	C:\WINDOWS\system32\DWMAPI.DLL
0x00007ffc40500000 - 0x00007ffc40626000 	C:\WINDOWS\system32\opengl32.dll
0x00007ffc4fdb0000 - 0x00007ffc4fddc000 	C:\WINDOWS\SYSTEM32\GLU32.dll
0x00007ffc28320000 - 0x00007ffc284ef000 	C:\WINDOWS\system32\d3d9.dll
0x00007ffc70230000 - 0x00007ffc7040b000 	C:\WINDOWS\System32\DriverStore\FileRepository\u0361313.inf_amd64_07132764fbaf152d\B361334\aticfx64.dll
0x00007ffc4ee80000 - 0x00007ffc4eeb3000 	C:\WINDOWS\System32\DriverStore\FileRepository\u0361313.inf_amd64_07132764fbaf152d\B361334\atiu9p64.dll
0x00007ffc3ef80000 - 0x00007ffc3fc16000 	C:\WINDOWS\System32\DriverStore\FileRepository\u0361313.inf_amd64_07132764fbaf152d\B361334\atiumd64.dll

dbghelp: loaded successfully - version: 4.0.5 - missing functions: none
symbol engine: initialized successfully - sym options: 0x614 - pdb path: .;C:\Users\nimam\Downloads\eclipse-java-2022-06-R-win32-x86_64\eclipse\plugins\org.eclipse.justj.openjdk.hotspot.jre.full.win32.x86_64_17.0.3.v20220515-1416\jre\bin;C:\WINDOWS\SYSTEM32;C:\WINDOWS\WinSxS\amd64_microsoft.windows.common-controls_6595b64144ccf1df_6.0.19041.1110_none_60b5254171f9507e;C:\Users\nimam\Downloads\eclipse-java-2022-06-R-win32-x86_64\eclipse\plugins\org.eclipse.justj.openjdk.hotspot.jre.full.win32.x86_64_17.0.3.v20220515-1416\jre\bin\server;C:\WINDOWS\System32\DriverStore\FileRepository\u0361313.inf_amd64_07132764fbaf152d\B361334

VM Arguments:
jvm_args: -ea -Dfile.encoding=UTF-8 -XX:+ShowCodeDetailsInExceptionMessages 
java_command: org.testng.remote.RemoteTestNG -serport 58484 -protocol json -d C:\MY_WORK_SPACE\webdriverproject\test-output C:\Users\nimam\AppData\Local\Temp\testng-eclipse-1394029088\testng-customsuite.xml
java_class_path (initial): C:\Users\nimam\Downloads\eclipse-java-2022-06-R-win32-x86_64\eclipse\configuration\org.eclipse.osgi\431\0\.cp\lib\testng-remote.jar;C:\MY_WORK_SPACE\webdriverproject\bin;C:\Users\nimam\Documents\SELENUIM\selenium-api-4.7.2.jar;C:\Users\nimam\Documents\SELENUIM\selenium-api-4.7.2-sources.jar;C:\Users\nimam\Documents\SELENUIM\selenium-chrome-driver-4.7.2.jar;C:\Users\nimam\Documents\SELENUIM\selenium-chrome-driver-4.7.2-sources.jar;C:\Users\nimam\Documents\SELENUIM\selenium-chromium-driver-4.7.2.jar;C:\Users\nimam\Documents\SELENUIM\selenium-chromium-driver-4.7.2-sources.jar;C:\Users\nimam\Documents\SELENUIM\selenium-devtools-v85-4.7.2.jar;C:\Users\nimam\Documents\SELENUIM\selenium-devtools-v85-4.7.2-sources.jar;C:\Users\nimam\Documents\SELENUIM\selenium-devtools-v106-4.7.2.jar;C:\Users\nimam\Documents\SELENUIM\selenium-devtools-v106-4.7.2-sources.jar;C:\Users\nimam\Documents\SELENUIM\selenium-devtools-v107-4.7.2.jar;C:\Users\nimam\Documents\SELENUIM\selenium-devtools-v107-4.7.2-sources.jar;C:\Users\nimam\Documents\SELENUIM\selenium-devtools-v108-4.7.2.jar;C:\Users\nimam\Documents\SELENUIM\selenium-devtools-v108-4.7.2-sources.jar;C:\Users\nimam\Documents\SELENUIM\selenium-edge-driver-4.7.2.jar;C:\Users\nimam\Documents\SELENUIM\selenium-edge-driver-4.7.2-sources.jar;C:\Users\nimam\Documents\SELENUIM\selenium-firefox-driver-4.7.2.jar;C:\Users\nimam\Documents\SELENUIM\selenium-firefox-driver-4.7.2-sources.jar;C:\Users\nimam\Documents\SELENUIM\selenium-http-4.7.2.jar;C:\Users\nimam\Documents\SELENUIM\selenium-http-4.7.2-sources.jar;C:\Users\nimam\Documents\SELENUIM\selenium-ie-driver-4.7.2.jar;C:\Users\nimam\Documents\SELENUIM\selenium-ie-driver-4.7.2-sources.jar;C:\Users\nimam\Documents\SELENUIM\selenium-java-4.7.2.jar;C:\Users\nimam\Documents\SELENUIM\selenium-java-4.7.2.zip;C:\Users\nimam\Documents\SELENUIM\selenium-java-4.7.2-sources.jar;C:\Users\nimam\Documents\SELENUIM\selenium-json-4.7.2.jar;C:\Users\nimam\Documents\SELENUIM\selenium-js
Launcher Type: SUN_STANDARD

[Global flags]
     intx CICompilerCount                          = 4                                         {product} {ergonomic}
     uint ConcGCThreads                            = 2                                         {product} {ergonomic}
     uint G1ConcRefinementThreads                  = 8                                         {product} {ergonomic}
   size_t G1HeapRegionSize                         = 1048576                                   {product} {ergonomic}
    uintx GCDrainStackTargetSize                   = 64                                        {product} {ergonomic}
   size_t InitialHeapSize                          = 58720256                                  {product} {ergonomic}
   size_t MarkStackSize                            = 4194304                                   {product} {ergonomic}
   size_t MaxHeapSize                              = 926941184                                 {product} {ergonomic}
   size_t MaxNewSize                               = 555745280                                 {product} {ergonomic}
   size_t MinHeapDeltaBytes                        = 1048576                                   {product} {ergonomic}
   size_t MinHeapSize                              = 8388608                                   {product} {ergonomic}
    uintx NonNMethodCodeHeapSize                   = 5839372                                {pd product} {ergonomic}
    uintx NonProfiledCodeHeapSize                  = 122909434                              {pd product} {ergonomic}
    uintx ProfiledCodeHeapSize                     = 122909434                              {pd product} {ergonomic}
    uintx ReservedCodeCacheSize                    = 251658240                              {pd product} {ergonomic}
     bool SegmentedCodeCache                       = true                                      {product} {ergonomic}
     bool ShowCodeDetailsInExceptionMessages       = true                                   {manageable} {command line}
   size_t SoftMaxHeapSize                          = 926941184                              {manageable} {ergonomic}
     bool UseCompressedClassPointers               = true                           {product lp64_product} {ergonomic}
     bool UseCompressedOops                        = true                           {product lp64_product} {ergonomic}
     bool UseG1GC                                  = true                                      {product} {ergonomic}
     bool UseLargePagesIndividualAllocation        = false                                  {pd product} {ergonomic}

Logging:
Log output configuration:
 #0: stdout all=warning uptime,level,tags
 #1: stderr all=off uptime,level,tags

Environment Variables:
JAVA_HOME=C:\Program Files\Java\jdk1.8.0_202
PATH=C:/Users/nimam/Downloads/eclipse-java-2022-06-R-win32-x86_64/eclipse//plugins/org.eclipse.justj.openjdk.hotspot.jre.full.win32.x86_64_17.0.3.v20220515-1416/jre/bin/server;C:/Users/nimam/Downloads/eclipse-java-2022-06-R-win32-x86_64/eclipse//plugins/org.eclipse.justj.openjdk.hotspot.jre.full.win32.x86_64_17.0.3.v20220515-1416/jre/bin;C:\Program Files (x86)\Common Files\Oracle\Java\javapath;C:\Program Files\Common Files\Oracle\Java\javapath;C:\WINDOWS\system32;C:\WINDOWS;C:\WINDOWS\System32\Wbem;C:\WINDOWS\System32\WindowsPowerShell\v1.0\;C:\WINDOWS\System32\OpenSSH\;C:\msys64\mingw64\bin;C:\Program Files\Microsoft SQL Server\Client SDK\ODBC\170\Tools\Binn\;C:\Program Files (x86)\Microsoft SQL Server\150\Tools\Binn\;C:\Program Files\Microsoft SQL Server\150\Tools\Binn\;C:\Program Files\Microsoft SQL Server\150\DTS\Binn\;C:\Program Files (x86)\Microsoft SQL Server\150\DTS\Binn\;C:\Program Files\Azure Data Studio\bin;C:\Users\nimam\AppData\Local\Programs\Python\Python39\Scripts\;C:\Users\nimam\AppData\Local\Programs\Python\Python39\;C:\Users\nimam\AppData\Local\Microsoft\WindowsApps;C:\Users\nimam\AppData\Local\Programs\Microsoft VS Code\bin;C:\Users\nimam\AppData\Local\Programs\Python\Python39;C:\Users\nimam\AppData\Local\Programs\Python\Python39\Scripts;C:\Users\nimam\Downloads\x86_64-8.1.0-release-posix-seh-rt_v6-rev0(1)\mingw64\bin;C:\Program Files\Java\jdk1.8.0_202\bin;;C:\Program Files\Azure Data Studio\bin;C:\Users\nimam\Downloads\eclipse-java-2022-06-R-win32-x86_64\eclipse;
USERNAME=nimam
OS=Windows_NT
PROCESSOR_IDENTIFIER=AMD64 Family 23 Model 24 Stepping 1, AuthenticAMD



---------------  S Y S T E M  ---------------

OS:
 Windows 10 , 64 bit Build 19041 (10.0.19041.1741)
OS uptime: 75 days 13:53 hours
Hyper-V role detected

CPU: total 8 (initial active 8) (8 cores per cpu, 2 threads per core) family 23 model 24 stepping 1 microcode 0x0, cx8, cmov, fxsr, ht, mmx, 3dnowpref, sse, sse2, sse3, ssse3, sse4a, sse4.1, sse4.2, popcnt, lzcnt, tsc, tscinvbit, avx, avx2, aes, clmul, bmi1, bmi2, adx, sha, fma, vzeroupper, clflush, clflushopt, hv

Memory: 4k page, system-wide physical 3531M (163M free)
TotalPageFile size 14283M (AvailPageFile size 3M)
current process WorkingSet (physical memory assigned to process): 111M, peak: 138M
current process commit charge ("private bytes"): 181M, peak: 182M

vm_info: OpenJDK 64-Bit Server VM (17.0.3+7) for windows-amd64 JRE (17.0.3+7), built on Apr 19 2022 16:55:35 by "" with MS VC++ 16.7 (VS2019)

END.
